<?xml version="1.0" encoding="UTF-8"?>
<!-- Generated by org.testng.reporters.JUnitReportReporter -->
<testsuite hostname="ziv" failures="0" tests="1" name="api.test.User_Data_Create_and_Validation" time="7.040" errors="0" timestamp="2024-12-14T09:40:09 GMT+03:00" skipped="0">
  <testcase classname="api.test.User_Data_Create_and_Validation" name="testCreateAndGetUser" time="7.040"/>
  <system-out/>
</testsuite> <!-- api.test.User_Data_Create_and_Validation -->
