<?xml version="1.0" encoding="UTF-8"?>
<!-- Generated by org.testng.reporters.JUnitReportReporter -->
<testsuite hostname="ziv" failures="0" tests="1" name="api.test.Duplicate_Email_Test" time="5.851" errors="0" timestamp="2024-12-14T10:05:21 GMT+03:00" skipped="0">
  <testcase classname="api.test.Duplicate_Email_Test" name="testDuplicateEmailValidation" time="5.851"/>
  <system-out/>
</testsuite> <!-- api.test.Duplicate_Email_Test -->
